<?xml version="1.0" encoding="UTF-8"?>
<!-- Generated by org.testng.reporters.JUnitReportReporter -->
<testsuite hostname="dioboye" failures="0" tests="1" name="com.OrangeHRMApplication_TestNG.MultipulData_Login" time="12.762" errors="0" timestamp="2024-02-17T17:41:23 IST" skipped="0">
  <testcase classname="com.OrangeHRMApplication_TestNG.MultipulData_Login" name="login" time="12.762"/>
  <system-out/>
</testsuite> <!-- com.OrangeHRMApplication_TestNG.MultipulData_Login -->
