<?xml version="1.0" encoding="UTF-8"?>
<!-- Generated by org.testng.reporters.JUnitReportReporter -->
<testsuite hostname="dioboye" failures="0" tests="6" name="com.TestNG.Annotations" time="0.013" errors="0" timestamp="2024-02-15T18:01:14 IST" skipped="1">
  <testcase classname="com.TestNG.Annotations" name="applicationLaunch" time="0.009"/>
  <system-out/>
  <testcase classname="com.TestNG.Annotations" name="inBoxTest" time="0.001"/>
  <system-out/>
  <testcase classname="com.TestNG.Annotations" name="ComposeMailTest" time="0.001"/>
  <system-out/>
  <testcase classname="com.TestNG.Annotations" name="sentMail" time="0.000"/>
  <system-out/>
  <testcase classname="com.TestNG.Annotations" name="applicationClose" time="0.002"/>
  <system-out/>
  <testcase classname="com.TestNG.Annotations" name="draftsTest">
    <skipped/>
  </testcase> <!-- draftsTest -->
  <system-out/>
</testsuite> <!-- com.TestNG.Annotations -->
