<?xml version="1.0" encoding="UTF-8"?>
<!-- Generated by org.testng.reporters.JUnitReportReporter -->
<testsuite hostname="dioboye" failures="0" tests="12" name="com.OrangeEmployeeId.OrangeHRMApplication_AutoIT_excel" time="26.270" errors="0" timestamp="2024-02-15T18:50:06 IST" skipped="0">
  <testcase classname="com.OrangeEmployeeId.OrangeHRMApplication_AutoIT_excel" name="logInPageTest" time="0.464"/>
  <system-out/>
  <testcase classname="com.OrangeEmployeeId.OrangeHRMApplication_AutoIT_excel" name="logInTest" time="3.693"/>
  <system-out/>
  <testcase classname="com.OrangeEmployeeId.OrangeHRMApplication_AutoIT_excel" name="homePageTest" time="0.089"/>
  <system-out/>
  <testcase classname="com.OrangeEmployeeId.OrangeHRMApplication_AutoIT_excel" name="pimTest" time="0.159"/>
  <system-out/>
  <testcase classname="com.OrangeEmployeeId.OrangeHRMApplication_AutoIT_excel" name="pimAddEmployeeTest" time="0.617"/>
  <system-out/>
  <testcase classname="com.OrangeEmployeeId.OrangeHRMApplication_AutoIT_excel" name="AddEmployeeWebPageTest" time="0.009"/>
  <system-out/>
  <testcase classname="com.OrangeEmployeeId.OrangeHRMApplication_AutoIT_excel" name="AddEmployeeTest" time="12.213"/>
  <system-out/>
  <testcase classname="com.OrangeEmployeeId.OrangeHRMApplication_AutoIT_excel" name="AddEmployee_TestFileds" time="0.034"/>
  <system-out/>
  <testcase classname="com.OrangeEmployeeId.OrangeHRMApplication_AutoIT_excel" name="personalDetailsWebPageTest" time="0.172"/>
  <system-out/>
  <testcase classname="com.OrangeEmployeeId.OrangeHRMApplication_AutoIT_excel" name="personalDetailsTest" time="0.063"/>
  <system-out/>
  <testcase classname="com.OrangeEmployeeId.OrangeHRMApplication_AutoIT_excel" name="Homepage_WelcomeAdmin" time="2.742"/>
  <system-out/>
  <testcase classname="com.OrangeEmployeeId.OrangeHRMApplication_AutoIT_excel" name="logInPage" time="6.015"/>
  <system-out/>
</testsuite> <!-- com.OrangeEmployeeId.OrangeHRMApplication_AutoIT_excel -->
