<?xml version="1.0" encoding="UTF-8"?>
<!-- Generated by org.testng.reporters.JUnitReportReporter -->
<testsuite hostname="dioboye" failures="0" tests="4" name="com.config.OrangeHRM_Properties" time="8.471" errors="0" timestamp="2024-02-14T14:53:13 IST" skipped="0">
  <testcase classname="com.config.OrangeHRM_Properties" name="logInPageTest" time="0.066"/>
  <system-out/>
  <testcase classname="com.config.OrangeHRM_Properties" name="logInTest" time="2.415"/>
  <system-out/>
  <testcase classname="com.config.OrangeHRM_Properties" name="homePageTest" time="0.286"/>
  <system-out/>
  <testcase classname="com.config.OrangeHRM_Properties" name="logOutTest" time="5.704"/>
  <system-out/>
</testsuite> <!-- com.config.OrangeHRM_Properties -->
