<?xml version="1.0" encoding="UTF-8"?>
<!-- Generated by org.testng.reporters.JUnitReportReporter -->
<testsuite hostname="dioboye" failures="0" tests="1" name="com.RadioButtonsTesting.EchoEchoApplication_RadioButtons_Group1AndGroup2" time="0.932" errors="0" timestamp="2024-02-15T23:21:55 IST" skipped="0">
  <testcase classname="com.RadioButtonsTesting.EchoEchoApplication_RadioButtons_Group1AndGroup2" name="group1RadioButtonsTesting" time="0.932"/>
</testsuite> <!-- com.RadioButtonsTesting.EchoEchoApplication_RadioButtons_Group1AndGroup2 -->
