<?xml version="1.0" encoding="UTF-8"?>
<!-- Generated by org.testng.reporters.JUnitReportReporter -->
<testsuite hostname="dioboye" failures="0" tests="1" name="com.RadioButtonsTesting.sai" time="1.005" errors="0" timestamp="2024-02-17T16:51:43 IST" skipped="0">
  <testcase classname="com.RadioButtonsTesting.sai" name="group1RadioButtonsTesting" time="1.005"/>
</testsuite> <!-- com.RadioButtonsTesting.sai -->
