<?xml version="1.0" encoding="UTF-8"?>
<!-- Generated by org.testng.reporters.JUnitReportReporter -->
<testsuite hostname="dioboye" failures="0" tests="1" name="com.RadioButtonsTesting.EchoEchoApplication_RadioButtonsTesting" time="0.553" errors="0" timestamp="2024-02-15T20:26:29 IST" skipped="0">
  <testcase classname="com.RadioButtonsTesting.EchoEchoApplication_RadioButtonsTesting" name="group1radioButtonsTesting" time="0.553"/>
</testsuite> <!-- com.RadioButtonsTesting.EchoEchoApplication_RadioButtonsTesting -->
