<?xml version="1.0" encoding="UTF-8"?>
<!-- Generated by org.testng.reporters.JUnitReportReporter -->
<testsuite hostname="dioboye" failures="0" tests="3" name="com.OrangeHRMApplicationPagesTests.LogInPageTest" time="10.863" errors="0" timestamp="2024-02-17T17:51:27 IST" skipped="0">
  <testcase classname="com.OrangeHRMApplicationPagesTests.LogInPageTest" name="orangeHRMApplicationLogInPage_logInPannelTextTest" time="2.903"/>
  <testcase classname="com.OrangeHRMApplicationPagesTests.LogInPageTest" name="orangeHRMApplicationLogInPage_LogoValidationTest" time="3.427"/>
  <testcase classname="com.OrangeHRMApplicationPagesTests.LogInPageTest" name="orangeHRMApplicationLogInPage_LogInTest" time="4.533"/>
</testsuite> <!-- com.OrangeHRMApplicationPagesTests.LogInPageTest -->
